<?xml version="1.0" encoding="UTF-8"?>
<!-- Generated by org.testng.reporters.JUnitReportReporter -->
<testsuite hostname="Vinoth-DESKTOP-7RPL585" failures="0" tests="5" name="testNgExamples.SkipTC" time="0.019" errors="0" timestamp="2023-05-29T15:40:49 IST" skipped="1">
  <testcase classname="testNgExamples.SkipTC" name="Start" time="0.012"/>
  <system-out/>
  <testcase classname="testNgExamples.SkipTC" name="FirstGear" time="0.002"/>
  <system-out/>
  <testcase classname="testNgExamples.SkipTC" name="Move" time="0.003"/>
  <system-out/>
  <testcase classname="testNgExamples.SkipTC" name="Stop" time="0.002"/>
  <system-out/>
  <testcase classname="testNgExamples.SkipTC" name="TurnMusicOn">
    <skipped/>
  </testcase> <!-- TurnMusicOn -->
  <system-out/>
</testsuite> <!-- testNgExamples.SkipTC -->
