<?xml version="1.0" encoding="UTF-8"?>
<!-- Generated by org.testng.reporters.JUnitReportReporter -->
<testsuite hostname="Vinoth-DESKTOP-7RPL585" failures="0" tests="3" name="testNgExamples.DependencyManagenment" time="0.018" errors="0" timestamp="2023-05-29T15:55:48 IST" skipped="0">
  <testcase classname="testNgExamples.DependencyManagenment" name="SSLC" time="0.014"/>
  <system-out/>
  <testcase classname="testNgExamples.DependencyManagenment" name="HSC" time="0.002"/>
  <system-out/>
  <testcase classname="testNgExamples.DependencyManagenment" name="College" time="0.002"/>
  <system-out/>
</testsuite> <!-- testNgExamples.DependencyManagenment -->
