<?xml version="1.0" encoding="UTF-8"?>
<!-- Generated by org.testng.reporters.JUnitReportReporter -->
<testsuite hostname="Vinoth-DESKTOP-7RPL585" failures="0" tests="4" name="testNgExamples.DriveACar" time="0.019" errors="0" timestamp="2023-05-29T15:02:47 IST" skipped="0">
  <testcase classname="testNgExamples.DriveACar" name="Start" time="0.013"/>
  <system-out/>
  <testcase classname="testNgExamples.DriveACar" name="FirstGear" time="0.002"/>
  <system-out/>
  <testcase classname="testNgExamples.DriveACar" name="Move" time="0.002"/>
  <system-out/>
  <testcase classname="testNgExamples.DriveACar" name="Stop" time="0.002"/>
  <system-out/>
</testsuite> <!-- testNgExamples.DriveACar -->
