<?xml version="1.0" encoding="UTF-8"?>
<!-- Generated by org.testng.reporters.JUnitReportReporter -->
<testsuite hostname="Vinoth-DESKTOP-7RPL585" failures="0" tests="3" name="testNgExamples.Sample" time="0.019" errors="0" timestamp="2023-05-29T14:13:58 IST" skipped="0">
  <testcase classname="testNgExamples.Sample" name="ThirdTC" time="0.002"/>
  <system-out/>
  <testcase classname="testNgExamples.Sample" name="SecondTC" time="0.002"/>
  <system-out/>
  <testcase classname="testNgExamples.Sample" name="FirstTC" time="0.015"/>
  <system-out/>
</testsuite> <!-- testNgExamples.Sample -->
